1747497407.248936 client started (5580): version 3.5a, socket /tmp/tmux-1000/default, protocol 8
1747497407.248953 on Linux 6.14.5-300.fc42.x86_64 #1 SMP PREEMPT_DYNAMIC Fri May  2 14:16:46 UTC 2025
1747497407.248960 using libevent 2.1.12-stable poll
1747497407.248963 using ncurses 6.5 20240629
1747497407.248978 flags are 0x18010000
1747497407.248987 socket is /tmp/tmux-1000/default
1747497407.249002 trying connect
1747497407.249014 connect failed: No such file or directory
1747497407.249022 lock file is /tmp/tmux-1000/default.lock
1747497407.249039 flock succeeded
1747497407.249043 got lock (6)
1747497407.249050 trying connect
1747497407.249057 connect failed: No such file or directory
1747497407.249237 add peer 0x55d17b3f8f50: 7 ((nil))
1747497407.249548 sending message 111 to peer 0x55d17b3f8f50 (8 bytes)
1747497407.249555 sending message 111 to peer 0x55d17b3f8f50 (8 bytes)
1747497407.249558 sending message 101 to peer 0x55d17b3f8f50 (15 bytes)
1747497407.249561 sending message 109 to peer 0x55d17b3f8f50 (4 bytes)
1747497407.249564 sending message 102 to peer 0x55d17b3f8f50 (11 bytes)
1747497407.249566 sending message 108 to peer 0x55d17b3f8f50 (39 bytes)
1747497407.249569 sending message 112 to peer 0x55d17b3f8f50 (58 bytes)
1747497407.249572 sending message 112 to peer 0x55d17b3f8f50 (5 bytes)
1747497407.249574 sending message 112 to peer 0x55d17b3f8f50 (5 bytes)
1747497407.249577 sending message 112 to peer 0x55d17b3f8f50 (6 bytes)
1747497407.249579 sending message 112 to peer 0x55d17b3f8f50 (6 bytes)
1747497407.249582 sending message 112 to peer 0x55d17b3f8f50 (11 bytes)
1747497407.249584 sending message 112 to peer 0x55d17b3f8f50 (10 bytes)
1747497407.249587 sending message 112 to peer 0x55d17b3f8f50 (13 bytes)
1747497407.249590 sending message 112 to peer 0x55d17b3f8f50 (14 bytes)
1747497407.249592 sending message 112 to peer 0x55d17b3f8f50 (19 bytes)
1747497407.249595 sending message 112 to peer 0x55d17b3f8f50 (11 bytes)
1747497407.249597 sending message 112 to peer 0x55d17b3f8f50 (10 bytes)
1747497407.249600 sending message 112 to peer 0x55d17b3f8f50 (15 bytes)
1747497407.249603 sending message 112 to peer 0x55d17b3f8f50 (21 bytes)
1747497407.249605 sending message 112 to peer 0x55d17b3f8f50 (13 bytes)
1747497407.249608 sending message 112 to peer 0x55d17b3f8f50 (7 bytes)
1747497407.249611 sending message 112 to peer 0x55d17b3f8f50 (13 bytes)
1747497407.249614 sending message 112 to peer 0x55d17b3f8f50 (7 bytes)
1747497407.249616 sending message 112 to peer 0x55d17b3f8f50 (13 bytes)
1747497407.249619 sending message 112 to peer 0x55d17b3f8f50 (9 bytes)
1747497407.249622 sending message 112 to peer 0x55d17b3f8f50 (21 bytes)
1747497407.249625 sending message 112 to peer 0x55d17b3f8f50 (13 bytes)
1747497407.249627 sending message 112 to peer 0x55d17b3f8f50 (9 bytes)
1747497407.249630 sending message 112 to peer 0x55d17b3f8f50 (16 bytes)
1747497407.249633 sending message 112 to peer 0x55d17b3f8f50 (13 bytes)
1747497407.249635 sending message 112 to peer 0x55d17b3f8f50 (9 bytes)
1747497407.249638 sending message 112 to peer 0x55d17b3f8f50 (9 bytes)
1747497407.249640 sending message 112 to peer 0x55d17b3f8f50 (12 bytes)
1747497407.249643 sending message 112 to peer 0x55d17b3f8f50 (8 bytes)
1747497407.249646 sending message 112 to peer 0x55d17b3f8f50 (8 bytes)
1747497407.249649 sending message 112 to peer 0x55d17b3f8f50 (13 bytes)
1747497407.249652 sending message 112 to peer 0x55d17b3f8f50 (7 bytes)
1747497407.249654 sending message 112 to peer 0x55d17b3f8f50 (7 bytes)
1747497407.249657 sending message 112 to peer 0x55d17b3f8f50 (9 bytes)
1747497407.249660 sending message 112 to peer 0x55d17b3f8f50 (9 bytes)
1747497407.249662 sending message 112 to peer 0x55d17b3f8f50 (15 bytes)
1747497407.249665 sending message 112 to peer 0x55d17b3f8f50 (13 bytes)
1747497407.249668 sending message 112 to peer 0x55d17b3f8f50 (12 bytes)
1747497407.249671 sending message 112 to peer 0x55d17b3f8f50 (8 bytes)
1747497407.249673 sending message 112 to peer 0x55d17b3f8f50 (14 bytes)
1747497407.249676 sending message 112 to peer 0x55d17b3f8f50 (11 bytes)
1747497407.249683 sending message 112 to peer 0x55d17b3f8f50 (9 bytes)
1747497407.249689 sending message 112 to peer 0x55d17b3f8f50 (10 bytes)
1747497407.249692 sending message 112 to peer 0x55d17b3f8f50 (10 bytes)
1747497407.249695 sending message 112 to peer 0x55d17b3f8f50 (10 bytes)
1747497407.249698 sending message 112 to peer 0x55d17b3f8f50 (10 bytes)
1747497407.249700 sending message 112 to peer 0x55d17b3f8f50 (11 bytes)
1747497407.249703 sending message 112 to peer 0x55d17b3f8f50 (12 bytes)
1747497407.249706 sending message 112 to peer 0x55d17b3f8f50 (12 bytes)
1747497407.249708 sending message 112 to peer 0x55d17b3f8f50 (12 bytes)
1747497407.249711 sending message 112 to peer 0x55d17b3f8f50 (12 bytes)
1747497407.249714 sending message 112 to peer 0x55d17b3f8f50 (12 bytes)
1747497407.249717 sending message 112 to peer 0x55d17b3f8f50 (11 bytes)
1747497407.249719 sending message 112 to peer 0x55d17b3f8f50 (11 bytes)
1747497407.249722 sending message 112 to peer 0x55d17b3f8f50 (12 bytes)
1747497407.249724 sending message 112 to peer 0x55d17b3f8f50 (12 bytes)
1747497407.249727 sending message 112 to peer 0x55d17b3f8f50 (12 bytes)
1747497407.249730 sending message 112 to peer 0x55d17b3f8f50 (12 bytes)
1747497407.249732 sending message 112 to peer 0x55d17b3f8f50 (12 bytes)
1747497407.249735 sending message 112 to peer 0x55d17b3f8f50 (9 bytes)
1747497407.249738 sending message 112 to peer 0x55d17b3f8f50 (12 bytes)
1747497407.249740 sending message 112 to peer 0x55d17b3f8f50 (13 bytes)
1747497407.249743 sending message 112 to peer 0x55d17b3f8f50 (13 bytes)
1747497407.249746 sending message 112 to peer 0x55d17b3f8f50 (13 bytes)
1747497407.249749 sending message 112 to peer 0x55d17b3f8f50 (13 bytes)
1747497407.249751 sending message 112 to peer 0x55d17b3f8f50 (13 bytes)
1747497407.249754 sending message 112 to peer 0x55d17b3f8f50 (8 bytes)
1747497407.249757 sending message 112 to peer 0x55d17b3f8f50 (11 bytes)
1747497407.249759 sending message 112 to peer 0x55d17b3f8f50 (11 bytes)
1747497407.249762 sending message 112 to peer 0x55d17b3f8f50 (11 bytes)
1747497407.249765 sending message 112 to peer 0x55d17b3f8f50 (12 bytes)
1747497407.249768 sending message 112 to peer 0x55d17b3f8f50 (12 bytes)
1747497407.249770 sending message 112 to peer 0x55d17b3f8f50 (12 bytes)
1747497407.249773 sending message 112 to peer 0x55d17b3f8f50 (12 bytes)
1747497407.249775 sending message 112 to peer 0x55d17b3f8f50 (13 bytes)
1747497407.249778 sending message 112 to peer 0x55d17b3f8f50 (13 bytes)
1747497407.249781 sending message 112 to peer 0x55d17b3f8f50 (13 bytes)
1747497407.249783 sending message 112 to peer 0x55d17b3f8f50 (8 bytes)
1747497407.249786 sending message 112 to peer 0x55d17b3f8f50 (13 bytes)
1747497407.249789 sending message 112 to peer 0x55d17b3f8f50 (13 bytes)
1747497407.249792 sending message 112 to peer 0x55d17b3f8f50 (13 bytes)
1747497407.249794 sending message 112 to peer 0x55d17b3f8f50 (13 bytes)
1747497407.249797 sending message 112 to peer 0x55d17b3f8f50 (13 bytes)
1747497407.249800 sending message 112 to peer 0x55d17b3f8f50 (12 bytes)
1747497407.249802 sending message 112 to peer 0x55d17b3f8f50 (12 bytes)
1747497407.249805 sending message 112 to peer 0x55d17b3f8f50 (12 bytes)
1747497407.249808 sending message 112 to peer 0x55d17b3f8f50 (12 bytes)
1747497407.249810 sending message 112 to peer 0x55d17b3f8f50 (13 bytes)
1747497407.249813 sending message 112 to peer 0x55d17b3f8f50 (8 bytes)
1747497407.249816 sending message 112 to peer 0x55d17b3f8f50 (13 bytes)
1747497407.249818 sending message 112 to peer 0x55d17b3f8f50 (13 bytes)
1747497407.249821 sending message 112 to peer 0x55d17b3f8f50 (13 bytes)
1747497407.249824 sending message 112 to peer 0x55d17b3f8f50 (13 bytes)
1747497407.249826 sending message 112 to peer 0x55d17b3f8f50 (13 bytes)
1747497407.249829 sending message 112 to peer 0x55d17b3f8f50 (13 bytes)
1747497407.249832 sending message 112 to peer 0x55d17b3f8f50 (13 bytes)
1747497407.249834 sending message 112 to peer 0x55d17b3f8f50 (12 bytes)
1747497407.249837 sending message 112 to peer 0x55d17b3f8f50 (12 bytes)
1747497407.249842 sending message 112 to peer 0x55d17b3f8f50 (12 bytes)
1747497407.249845 sending message 112 to peer 0x55d17b3f8f50 (8 bytes)
1747497407.249848 sending message 112 to peer 0x55d17b3f8f50 (12 bytes)
1747497407.249851 sending message 112 to peer 0x55d17b3f8f50 (13 bytes)
1747497407.249854 sending message 112 to peer 0x55d17b3f8f50 (13 bytes)
1747497407.249856 sending message 112 to peer 0x55d17b3f8f50 (13 bytes)
1747497407.249859 sending message 112 to peer 0x55d17b3f8f50 (13 bytes)
1747497407.249862 sending message 112 to peer 0x55d17b3f8f50 (13 bytes)
1747497407.249864 sending message 112 to peer 0x55d17b3f8f50 (13 bytes)
1747497407.249867 sending message 112 to peer 0x55d17b3f8f50 (13 bytes)
1747497407.249870 sending message 112 to peer 0x55d17b3f8f50 (13 bytes)
1747497407.249872 sending message 112 to peer 0x55d17b3f8f50 (12 bytes)
1747497407.249875 sending message 112 to peer 0x55d17b3f8f50 (10 bytes)
1747497407.249878 sending message 112 to peer 0x55d17b3f8f50 (12 bytes)
1747497407.249880 sending message 112 to peer 0x55d17b3f8f50 (12 bytes)
1747497407.249883 sending message 112 to peer 0x55d17b3f8f50 (12 bytes)
1747497407.249885 sending message 112 to peer 0x55d17b3f8f50 (13 bytes)
1747497407.249888 sending message 112 to peer 0x55d17b3f8f50 (13 bytes)
1747497407.249891 sending message 112 to peer 0x55d17b3f8f50 (13 bytes)
1747497407.249893 sending message 112 to peer 0x55d17b3f8f50 (13 bytes)
1747497407.249896 sending message 112 to peer 0x55d17b3f8f50 (13 bytes)
1747497407.249898 sending message 112 to peer 0x55d17b3f8f50 (13 bytes)
1747497407.249901 sending message 112 to peer 0x55d17b3f8f50 (13 bytes)
1747497407.249904 sending message 112 to peer 0x55d17b3f8f50 (10 bytes)
1747497407.249906 sending message 112 to peer 0x55d17b3f8f50 (13 bytes)
1747497407.249909 sending message 112 to peer 0x55d17b3f8f50 (12 bytes)
1747497407.249912 sending message 112 to peer 0x55d17b3f8f50 (12 bytes)
1747497407.249914 sending message 112 to peer 0x55d17b3f8f50 (12 bytes)
1747497407.249917 sending message 112 to peer 0x55d17b3f8f50 (10 bytes)
1747497407.249920 sending message 112 to peer 0x55d17b3f8f50 (10 bytes)
1747497407.249922 sending message 112 to peer 0x55d17b3f8f50 (10 bytes)
1747497407.249925 sending message 112 to peer 0x55d17b3f8f50 (12 bytes)
1747497407.249927 sending message 112 to peer 0x55d17b3f8f50 (13 bytes)
1747497407.249930 sending message 112 to peer 0x55d17b3f8f50 (13 bytes)
1747497407.249933 sending message 112 to peer 0x55d17b3f8f50 (13 bytes)
1747497407.249936 sending message 112 to peer 0x55d17b3f8f50 (13 bytes)
1747497407.249938 sending message 112 to peer 0x55d17b3f8f50 (13 bytes)
1747497407.249941 sending message 112 to peer 0x55d17b3f8f50 (10 bytes)
1747497407.249944 sending message 112 to peer 0x55d17b3f8f50 (11 bytes)
1747497407.249946 sending message 112 to peer 0x55d17b3f8f50 (12 bytes)
1747497407.249949 sending message 112 to peer 0x55d17b3f8f50 (12 bytes)
1747497407.249952 sending message 112 to peer 0x55d17b3f8f50 (12 bytes)
1747497407.249954 sending message 112 to peer 0x55d17b3f8f50 (12 bytes)
1747497407.249957 sending message 112 to peer 0x55d17b3f8f50 (12 bytes)
1747497407.249960 sending message 112 to peer 0x55d17b3f8f50 (11 bytes)
1747497407.249962 sending message 112 to peer 0x55d17b3f8f50 (12 bytes)
1747497407.249965 sending message 112 to peer 0x55d17b3f8f50 (12 bytes)
1747497407.249967 sending message 112 to peer 0x55d17b3f8f50 (13 bytes)
1747497407.249970 sending message 112 to peer 0x55d17b3f8f50 (13 bytes)
1747497407.249973 sending message 112 to peer 0x55d17b3f8f50 (13 bytes)
1747497407.249975 sending message 112 to peer 0x55d17b3f8f50 (13 bytes)
1747497407.249978 sending message 112 to peer 0x55d17b3f8f50 (13 bytes)
1747497407.249980 sending message 112 to peer 0x55d17b3f8f50 (10 bytes)
1747497407.249983 sending message 112 to peer 0x55d17b3f8f50 (9 bytes)
1747497407.249986 sending message 112 to peer 0x55d17b3f8f50 (12 bytes)
1747497407.249988 sending message 112 to peer 0x55d17b3f8f50 (13 bytes)
1747497407.249991 sending message 112 to peer 0x55d17b3f8f50 (13 bytes)
1747497407.249995 sending message 112 to peer 0x55d17b3f8f50 (13 bytes)
1747497407.249999 sending message 112 to peer 0x55d17b3f8f50 (13 bytes)
1747497407.250002 sending message 112 to peer 0x55d17b3f8f50 (13 bytes)
1747497407.250004 sending message 112 to peer 0x55d17b3f8f50 (9 bytes)
1747497407.250007 sending message 112 to peer 0x55d17b3f8f50 (12 bytes)
1747497407.250010 sending message 112 to peer 0x55d17b3f8f50 (13 bytes)
1747497407.250012 sending message 112 to peer 0x55d17b3f8f50 (13 bytes)
1747497407.250015 sending message 112 to peer 0x55d17b3f8f50 (13 bytes)
1747497407.250018 sending message 112 to peer 0x55d17b3f8f50 (13 bytes)
1747497407.250020 sending message 112 to peer 0x55d17b3f8f50 (13 bytes)
1747497407.250023 sending message 112 to peer 0x55d17b3f8f50 (11 bytes)
1747497407.250026 sending message 112 to peer 0x55d17b3f8f50 (12 bytes)
1747497407.250028 sending message 112 to peer 0x55d17b3f8f50 (13 bytes)
1747497407.250031 sending message 112 to peer 0x55d17b3f8f50 (13 bytes)
1747497407.250033 sending message 112 to peer 0x55d17b3f8f50 (13 bytes)
1747497407.250036 sending message 112 to peer 0x55d17b3f8f50 (13 bytes)
1747497407.250039 sending message 112 to peer 0x55d17b3f8f50 (13 bytes)
1747497407.250042 sending message 112 to peer 0x55d17b3f8f50 (11 bytes)
1747497407.250044 sending message 112 to peer 0x55d17b3f8f50 (12 bytes)
1747497407.250047 sending message 112 to peer 0x55d17b3f8f50 (12 bytes)
1747497407.250049 sending message 112 to peer 0x55d17b3f8f50 (12 bytes)
1747497407.250052 sending message 112 to peer 0x55d17b3f8f50 (12 bytes)
1747497407.250055 sending message 112 to peer 0x55d17b3f8f50 (12 bytes)
1747497407.250058 sending message 112 to peer 0x55d17b3f8f50 (21 bytes)
1747497407.250060 sending message 112 to peer 0x55d17b3f8f50 (12 bytes)
1747497407.250063 sending message 112 to peer 0x55d17b3f8f50 (9 bytes)
1747497407.250066 sending message 112 to peer 0x55d17b3f8f50 (6 bytes)
1747497407.250069 sending message 112 to peer 0x55d17b3f8f50 (13 bytes)
1747497407.250072 sending message 112 to peer 0x55d17b3f8f50 (10 bytes)
1747497407.250074 sending message 112 to peer 0x55d17b3f8f50 (24 bytes)
1747497407.250077 sending message 112 to peer 0x55d17b3f8f50 (13 bytes)
1747497407.250080 sending message 112 to peer 0x55d17b3f8f50 (9 bytes)
1747497407.250082 sending message 112 to peer 0x55d17b3f8f50 (70 bytes)
1747497407.250085 sending message 112 to peer 0x55d17b3f8f50 (69 bytes)
1747497407.250088 sending message 112 to peer 0x55d17b3f8f50 (12 bytes)
1747497407.250090 sending message 112 to peer 0x55d17b3f8f50 (10 bytes)
1747497407.250093 sending message 112 to peer 0x55d17b3f8f50 (10 bytes)
1747497407.250096 sending message 112 to peer 0x55d17b3f8f50 (24 bytes)
1747497407.250099 sending message 112 to peer 0x55d17b3f8f50 (13 bytes)
1747497407.250102 sending message 112 to peer 0x55d17b3f8f50 (10 bytes)
1747497407.250105 sending message 112 to peer 0x55d17b3f8f50 (10 bytes)
1747497407.250107 sending message 112 to peer 0x55d17b3f8f50 (10 bytes)
1747497407.250110 sending message 112 to peer 0x55d17b3f8f50 (13 bytes)
1747497407.250113 sending message 112 to peer 0x55d17b3f8f50 (15 bytes)
1747497407.250115 sending message 112 to peer 0x55d17b3f8f50 (5 bytes)
1747497407.250119 sending message 104 to peer 0x55d17b3f8f50 (0 bytes)
1747497407.250122 sending message 110 to peer 0x55d17b3f8f50 (0 bytes)
1747497407.250125 sending message 107 to peer 0x55d17b3f8f50 (4 bytes)
1747497407.250128 sending message 105 to peer 0x55d17b3f8f50 (16 bytes)
1747497407.250131 sending message 105 to peer 0x55d17b3f8f50 (78 bytes)
1747497407.250134 sending message 105 to peer 0x55d17b3f8f50 (20 bytes)
1747497407.250137 sending message 105 to peer 0x55d17b3f8f50 (59 bytes)
1747497407.250139 sending message 105 to peer 0x55d17b3f8f50 (23 bytes)
1747497407.250142 sending message 105 to peer 0x55d17b3f8f50 (23 bytes)
1747497407.250145 sending message 105 to peer 0x55d17b3f8f50 (48 bytes)
1747497407.250148 sending message 105 to peer 0x55d17b3f8f50 (16 bytes)
1747497407.250150 sending message 105 to peer 0x55d17b3f8f50 (14 bytes)
1747497407.250155 sending message 105 to peer 0x55d17b3f8f50 (41 bytes)
1747497407.250159 sending message 105 to peer 0x55d17b3f8f50 (51 bytes)
1747497407.250162 sending message 105 to peer 0x55d17b3f8f50 (20 bytes)
1747497407.250164 sending message 105 to peer 0x55d17b3f8f50 (22 bytes)
1747497407.250167 sending message 105 to peer 0x55d17b3f8f50 (19 bytes)
1747497407.250170 sending message 105 to peer 0x55d17b3f8f50 (21 bytes)
1747497407.250173 sending message 105 to peer 0x55d17b3f8f50 (43 bytes)
1747497407.250176 sending message 105 to peer 0x55d17b3f8f50 (26 bytes)
1747497407.250178 sending message 105 to peer 0x55d17b3f8f50 (12 bytes)
1747497407.250181 sending message 105 to peer 0x55d17b3f8f50 (25 bytes)
1747497407.250184 sending message 105 to peer 0x55d17b3f8f50 (22 bytes)
1747497407.250187 sending message 105 to peer 0x55d17b3f8f50 (54 bytes)
1747497407.250190 sending message 105 to peer 0x55d17b3f8f50 (21 bytes)
1747497407.250192 sending message 105 to peer 0x55d17b3f8f50 (15 bytes)
1747497407.250195 sending message 105 to peer 0x55d17b3f8f50 (13 bytes)
1747497407.250198 sending message 105 to peer 0x55d17b3f8f50 (17 bytes)
1747497407.250201 sending message 105 to peer 0x55d17b3f8f50 (1911 bytes)
1747497407.250212 sending message 105 to peer 0x55d17b3f8f50 (26 bytes)
1747497407.250215 sending message 105 to peer 0x55d17b3f8f50 (145 bytes)
1747497407.250218 sending message 105 to peer 0x55d17b3f8f50 (17 bytes)
1747497407.250221 sending message 105 to peer 0x55d17b3f8f50 (26 bytes)
1747497407.250223 sending message 105 to peer 0x55d17b3f8f50 (47 bytes)
1747497407.250226 sending message 105 to peer 0x55d17b3f8f50 (16 bytes)
1747497407.250229 sending message 105 to peer 0x55d17b3f8f50 (23 bytes)
1747497407.250231 sending message 105 to peer 0x55d17b3f8f50 (73 bytes)
1747497407.250234 sending message 105 to peer 0x55d17b3f8f50 (23 bytes)
1747497407.250237 sending message 105 to peer 0x55d17b3f8f50 (23 bytes)
1747497407.250239 sending message 105 to peer 0x55d17b3f8f50 (20 bytes)
1747497407.250242 sending message 105 to peer 0x55d17b3f8f50 (35 bytes)
1747497407.250245 sending message 105 to peer 0x55d17b3f8f50 (9 bytes)
1747497407.250248 sending message 105 to peer 0x55d17b3f8f50 (11 bytes)
1747497407.250250 sending message 105 to peer 0x55d17b3f8f50 (8 bytes)
1747497407.250253 sending message 105 to peer 0x55d17b3f8f50 (14 bytes)
1747497407.250256 sending message 105 to peer 0x55d17b3f8f50 (18 bytes)
1747497407.250258 sending message 105 to peer 0x55d17b3f8f50 (31 bytes)
1747497407.250261 sending message 105 to peer 0x55d17b3f8f50 (55 bytes)
1747497407.250264 sending message 105 to peer 0x55d17b3f8f50 (40 bytes)
1747497407.250267 sending message 105 to peer 0x55d17b3f8f50 (23 bytes)
1747497407.250270 sending message 105 to peer 0x55d17b3f8f50 (120 bytes)
1747497407.250273 sending message 105 to peer 0x55d17b3f8f50 (106 bytes)
1747497407.250275 sending message 105 to peer 0x55d17b3f8f50 (17 bytes)
1747497407.250278 sending message 105 to peer 0x55d17b3f8f50 (54 bytes)
1747497407.250281 sending message 105 to peer 0x55d17b3f8f50 (50 bytes)
1747497407.250283 sending message 105 to peer 0x55d17b3f8f50 (25 bytes)
1747497407.250286 sending message 105 to peer 0x55d17b3f8f50 (20 bytes)
1747497407.250289 sending message 105 to peer 0x55d17b3f8f50 (23 bytes)
1747497407.250292 sending message 105 to peer 0x55d17b3f8f50 (17 bytes)
1747497407.250294 sending message 105 to peer 0x55d17b3f8f50 (16 bytes)
1747497407.250297 sending message 106 to peer 0x55d17b3f8f50 (0 bytes)
1747497407.250336 sending message 200 to peer 0x55d17b3f8f50 (4 bytes)
1747497407.250340 client loop enter
1747497407.250350 client_signal: Child exited
1747497407.304161 peer 0x55d17b3f8f50 message 207
1747497407.304171 sending message 208 to peer 0x55d17b3f8f50 (0 bytes)
1747497874.999397 client_signal: Window changed
1747497874.999427 sending message 208 to peer 0x55d17b3f8f50 (0 bytes)
1747497893.514142 client_signal: Window changed
1747497893.514177 sending message 208 to peer 0x55d17b3f8f50 (0 bytes)
1747510744.238911 client_signal: Hangup
1747510744.238936 sending message 205 to peer 0x55d17b3f8f50 (0 bytes)
1747510744.241434 peer 0x55d17b3f8f50 message 204
1747510744.241447 client loop exit
